<?xml version="1.0" encoding="UTF-8"?>
<testng-results ignored="0" total="3" passed="3" failed="0" skipped="0">
  <reporter-output>
  </reporter-output>
  <suite started-at="2024-08-20T11:33:58 IST" name="Suite" finished-at="2024-08-20T11:35:32 IST" duration-ms="94590">
    <groups>
    </groups>
    <test started-at="2024-08-20T11:33:58 IST" name="ChromeTest" finished-at="2024-08-20T11:34:23 IST" duration-ms="25141">
      <class name="org.max.Hello">
        <test-method signature="tc1(java.lang.String)[pri:0, instance:org.max.Hello@26e356f0]" started-at="2024-08-20T11:33:58 IST" name="tc1" finished-at="2024-08-20T11:34:23 IST" duration-ms="25108" status="PASS">
          <params>
            <param index="0">
              <value>
                <![CDATA[chromebrowser]]>
              </value>
            </param>
          </params>
          <reporter-output>
          </reporter-output>
        </test-method> <!-- tc1 -->
      </class> <!-- org.max.Hello -->
    </test> <!-- ChromeTest -->
    <test started-at="2024-08-20T11:34:23 IST" name="FirefoxTest" finished-at="2024-08-20T11:35:16 IST" duration-ms="53335">
      <class name="org.max.Hello">
        <test-method signature="tc1(java.lang.String)[pri:0, instance:org.max.Hello@6892b3b6]" started-at="2024-08-20T11:34:23 IST" name="tc1" finished-at="2024-08-20T11:35:16 IST" duration-ms="53330" status="PASS">
          <params>
            <param index="0">
              <value>
                <![CDATA[firefoxbrowser]]>
              </value>
            </param>
          </params>
          <reporter-output>
          </reporter-output>
        </test-method> <!-- tc1 -->
      </class> <!-- org.max.Hello -->
    </test> <!-- FirefoxTest -->
    <test started-at="2024-08-20T11:35:16 IST" name="EdgeTest" finished-at="2024-08-20T11:35:32 IST" duration-ms="16074">
      <class name="org.max.Hello">
        <test-method signature="tc1(java.lang.String)[pri:0, instance:org.max.Hello@449a4f23]" started-at="2024-08-20T11:35:16 IST" name="tc1" finished-at="2024-08-20T11:35:32 IST" duration-ms="16073" status="PASS">
          <params>
            <param index="0">
              <value>
                <![CDATA[edgebrowser]]>
              </value>
            </param>
          </params>
          <reporter-output>
          </reporter-output>
        </test-method> <!-- tc1 -->
      </class> <!-- org.max.Hello -->
    </test> <!-- EdgeTest -->
  </suite> <!-- Suite -->
</testng-results>
